{"D:\\Projects\\te-vk\\src\\App.vue": {"path":"D:\\Projects\\te-vk\\src\\App.vue","statementMap":{"0":{"start":{"line":11,"column":0},"end":{"line":null,"column":-1}}},"fnMap":{"0":{"name":"(anonymous_1)","decl":{"start":{"line":11,"column":0},"end":{"line":null,"column":-1}},"loc":{"start":{"line":11,"column":0},"end":{"line":null,"column":-1}}}},"branchMap":{},"s":{"0":2},"f":{"0":2},"b":{}}
,"D:\\Projects\\te-vk\\src\\components\\VKData.vue": {"path":"D:\\Projects\\te-vk\\src\\components\\VKData.vue","statementMap":{"0":{"start":{"line":23,"column":0},"end":{"line":null,"column":-1}},"1":{"start":{"line":27,"column":0},"end":{"line":null,"column":-1}},"2":{"start":{"line":34,"column":0},"end":{"line":null,"column":-1}},"3":{"start":{"line":35,"column":0},"end":{"line":null,"column":-1}},"4":{"start":{"line":41,"column":0},"end":{"line":null,"column":-1}},"5":{"start":{"line":42,"column":0},"end":{"line":null,"column":-1}},"6":{"start":{"line":43,"column":0},"end":{"line":null,"column":-1}},"7":{"start":{"line":44,"column":0},"end":{"line":null,"column":-1}},"8":{"start":{"line":50,"column":0},"end":{"line":null,"column":-1}},"9":{"start":{"line":51,"column":0},"end":{"line":null,"column":-1}},"10":{"start":{"line":52,"column":0},"end":{"line":54,"column":0}},"11":{"start":{"line":53,"column":0},"end":{"line":null,"column":-1}},"12":{"start":{"line":60,"column":0},"end":{"line":null,"column":-1}},"13":{"start":{"line":61,"column":0},"end":{"line":null,"column":-1}},"14":{"start":{"line":62,"column":0},"end":{"line":65,"column":0}},"15":{"start":{"line":63,"column":0},"end":{"line":null,"column":-1}},"16":{"start":{"line":64,"column":0},"end":{"line":null,"column":-1}},"17":{"start":{"line":71,"column":0},"end":{"line":null,"column":-1}},"18":{"start":{"line":72,"column":0},"end":{"line":89,"column":0}},"19":{"start":{"line":73,"column":0},"end":{"line":null,"column":-1}},"20":{"start":{"line":74,"column":0},"end":{"line":null,"column":-1}},"21":{"start":{"line":76,"column":0},"end":{"line":null,"column":-1}},"22":{"start":{"line":78,"column":0},"end":{"line":null,"column":-1}},"23":{"start":{"line":80,"column":0},"end":{"line":null,"column":-1}},"24":{"start":{"line":81,"column":0},"end":{"line":null,"column":-1}},"25":{"start":{"line":85,"column":0},"end":{"line":null,"column":-1}},"26":{"start":{"line":86,"column":0},"end":{"line":null,"column":-1}},"27":{"start":{"line":88,"column":0},"end":{"line":null,"column":-1}},"28":{"start":{"line":93,"column":0},"end":{"line":null,"column":-1}},"29":{"start":{"line":94,"column":0},"end":{"line":105,"column":0}},"30":{"start":{"line":95,"column":0},"end":{"line":null,"column":-1}},"31":{"start":{"line":96,"column":0},"end":{"line":null,"column":-1}},"32":{"start":{"line":97,"column":0},"end":{"line":null,"column":-1}},"33":{"start":{"line":99,"column":0},"end":{"line":104,"column":0}},"34":{"start":{"line":100,"column":0},"end":{"line":103,"column":0}},"35":{"start":{"line":101,"column":0},"end":{"line":null,"column":-1}},"36":{"start":{"line":102,"column":0},"end":{"line":null,"column":-1}}},"fnMap":{"0":{"name":"(anonymous_1)","decl":{"start":{"line":52,"column":0},"end":{"line":null,"column":-1}},"loc":{"start":{"line":52,"column":0},"end":{"line":54,"column":0}}},"1":{"name":"(anonymous_2)","decl":{"start":{"line":62,"column":0},"end":{"line":null,"column":-1}},"loc":{"start":{"line":62,"column":0},"end":{"line":65,"column":0}}},"2":{"name":"(anonymous_3)","decl":{"start":{"line":99,"column":0},"end":{"line":null,"column":-1}},"loc":{"start":{"line":99,"column":0},"end":{"line":104,"column":0}}}},"branchMap":{"0":{"loc":{"start":{"line":72,"column":0},"end":{"line":89,"column":0}},"type":"if","locations":[{"start":{"line":72,"column":0},"end":{"line":89,"column":0}},{"start":{"line":72,"column":0},"end":{"line":89,"column":0}}]},"1":{"loc":{"start":{"line":94,"column":0},"end":{"line":105,"column":0}},"type":"if","locations":[{"start":{"line":94,"column":0},"end":{"line":105,"column":0}},{"start":{"line":94,"column":0},"end":{"line":105,"column":0}}]},"2":{"loc":{"start":{"line":100,"column":0},"end":{"line":103,"column":0}},"type":"if","locations":[{"start":{"line":100,"column":0},"end":{"line":103,"column":0}},{"start":{"line":100,"column":0},"end":{"line":103,"column":0}}]}},"s":{"0":2,"1":1,"2":0,"3":0,"4":0,"5":0,"6":0,"7":0,"8":0,"9":0,"10":0,"11":0,"12":0,"13":0,"14":0,"15":0,"16":0,"17":1,"18":1,"19":0,"20":0,"21":0,"22":0,"23":0,"24":0,"25":0,"26":0,"27":1,"28":1,"29":1,"30":0,"31":0,"32":0,"33":1,"34":1,"35":0,"36":0},"f":{"0":0,"1":0,"2":1},"b":{"0":[0,1],"1":[0,1],"2":[0,1]}}
,"D:\\Projects\\te-vk\\src\\store\\store.js": {"path":"D:\\Projects\\te-vk\\src\\store\\store.js","statementMap":{"0":{"start":{"line":4,"column":0},"end":{"line":4,"column":13}}},"fnMap":{},"branchMap":{},"s":{"0":1},"f":{},"b":{},"_coverageSchema":"332fd63041d2c1bcb487cc26dd0d5f7d97098a6c","hash":"9bc4a724701484f5b0e38dbb66db0da9578c78fa"}
,"D:\\Projects\\te-vk\\src\\store\\modules\\vkData.js": {"path":"D:\\Projects\\te-vk\\src\\store\\modules\\vkData.js","statementMap":{"0":{"start":{"line":10,"column":6},"end":{"line":10,"column":27}},"1":{"start":{"line":13,"column":6},"end":{"line":13,"column":27}},"2":{"start":{"line":16,"column":6},"end":{"line":16,"column":29}},"3":{"start":{"line":19,"column":6},"end":{"line":19,"column":25}},"4":{"start":{"line":24,"column":6},"end":{"line":24,"column":30}},"5":{"start":{"line":27,"column":6},"end":{"line":27,"column":32}},"6":{"start":{"line":30,"column":6},"end":{"line":30,"column":30}},"7":{"start":{"line":31,"column":6},"end":{"line":31,"column":25}},"8":{"start":{"line":36,"column":6},"end":{"line":36,"column":48}},"9":{"start":{"line":39,"column":6},"end":{"line":39,"column":59}},"10":{"start":{"line":42,"column":6},"end":{"line":42,"column":62}},"11":{"start":{"line":43,"column":6},"end":{"line":43,"column":34}}},"fnMap":{"0":{"name":"(anonymous_0)","decl":{"start":{"line":9,"column":14},"end":{"line":9,"column":15}},"loc":{"start":{"line":9,"column":23},"end":{"line":11,"column":5}},"line":9},"1":{"name":"(anonymous_1)","decl":{"start":{"line":12,"column":14},"end":{"line":12,"column":15}},"loc":{"start":{"line":12,"column":23},"end":{"line":14,"column":5}},"line":12},"2":{"name":"(anonymous_2)","decl":{"start":{"line":15,"column":16},"end":{"line":15,"column":17}},"loc":{"start":{"line":15,"column":25},"end":{"line":17,"column":5}},"line":15},"3":{"name":"(anonymous_3)","decl":{"start":{"line":18,"column":12},"end":{"line":18,"column":13}},"loc":{"start":{"line":18,"column":21},"end":{"line":20,"column":5}},"line":18}},"branchMap":{},"s":{"0":1,"1":1,"2":1,"3":1,"4":1,"5":1,"6":1,"7":1,"8":1,"9":1,"10":1,"11":1},"f":{"0":1,"1":1,"2":1,"3":1},"b":{},"_coverageSchema":"332fd63041d2c1bcb487cc26dd0d5f7d97098a6c","hash":"07ab673b1a42deeaedd9792fcb12a73f6c8d8134"}
}
