TN:
SF:D:\Projects\te-vk\src\App.vue
FN:11,(anonymous_1)
FNF:1
FNH:1
FNDA:2,(anonymous_1)
DA:11,2
LF:1
LH:1
BRF:0
BRH:0
end_of_record
TN:
SF:D:\Projects\te-vk\src\components\VKData.vue
FN:52,(anonymous_1)
FN:62,(anonymous_2)
FN:99,(anonymous_3)
FNF:3
FNH:1
FNDA:0,(anonymous_1)
FNDA:0,(anonymous_2)
FNDA:1,(anonymous_3)
DA:23,2
DA:27,1
DA:34,0
DA:35,0
DA:41,0
DA:42,0
DA:43,0
DA:44,0
DA:50,0
DA:51,0
DA:52,0
DA:53,0
DA:60,0
DA:61,0
DA:62,0
DA:63,0
DA:64,0
DA:71,1
DA:72,1
DA:73,0
DA:74,0
DA:76,0
DA:78,0
DA:80,0
DA:81,0
DA:85,0
DA:86,0
DA:88,1
DA:93,1
DA:94,1
DA:95,0
DA:96,0
DA:97,0
DA:99,1
DA:100,1
DA:101,0
DA:102,0
LF:37
LH:9
BRDA:72,0,0,0
BRDA:72,0,1,1
BRDA:94,1,0,0
BRDA:94,1,1,1
BRDA:100,2,0,0
BRDA:100,2,1,1
BRF:6
BRH:3
end_of_record
TN:
SF:D:\Projects\te-vk\src\store\store.js
FNF:0
FNH:0
DA:4,1
LF:1
LH:1
BRF:0
BRH:0
end_of_record
TN:
SF:D:\Projects\te-vk\src\store\modules\vkData.js
FN:9,(anonymous_0)
FN:12,(anonymous_1)
FN:15,(anonymous_2)
FN:18,(anonymous_3)
FNF:4
FNH:4
FNDA:1,(anonymous_0)
FNDA:1,(anonymous_1)
FNDA:1,(anonymous_2)
FNDA:1,(anonymous_3)
DA:10,1
DA:13,1
DA:16,1
DA:19,1
DA:24,1
DA:27,1
DA:30,1
DA:31,1
DA:36,1
DA:39,1
DA:42,1
DA:43,1
LF:12
LH:12
BRF:0
BRH:0
end_of_record
